Arguments: 
  /Users/pbrowne/.nvm-fish/v8.9.0/bin/node /Users/pbrowne/.nvm-fish/v8.9.0/bin/yarn add yeoman-generator

PATH: 
  /Users/pbrowne/.nvm-fish/v8.9.0/bin:/Users/pbrowne/.rvm/gems/ruby-2.4.1/bin:/Users/pbrowne/.rvm/gems/ruby-2.4.1@global/bin:/Users/pbrowne/.rvm/rubies/ruby-2.4.1/bin:/Users/pbrowne/.rvm/bin:/bin:/Users/pbrowne/.android/sdk/platform-tools:/Users/pbrowne/.android/sdk/tools:/Users/pbrowne/.android/sdk/build-tools/26.0.2:/Users/pbrowne/code/git-cola/bin:/usr/local/sbin:/Users/pbrowne/bin:/Users/pbrowne/go/bin:/Users/pbrowne/.android/sdk/platform-tools:/Users/pbrowne/.android/sdk/tools:/Users/pbrowne/.android/sdk/build-tools/26.0.2:/Users/pbrowne/code/git-cola/bin:/usr/local/sbin:/Users/pbrowne/bin:/Users/pbrowne/go/bin:/usr/bin:/bin:/usr/sbin:/sbin:/opt/X11/bin:/usr/local/bin:/usr/local/go/bin:/usr/local/MacGPG2/bin:/Library/TeX/texbin:/Users/pbrowne/.android/sdk/platform-tools:/Users/pbrowne/.android/sdk/tools:/Users/pbrowne/.android/sdk/build-tools/26.0.2:/Users/pbrowne/code/git-cola/bin:/usr/local/sbin:/Users/pbrowne/bin:/Users/pbrowne/go/bin

Yarn version: 
  1.7.0

Node version: 
  8.9.0

Platform: 
  darwin x64

Trace: 
  SyntaxError: /Users/pbrowne/code/cozy/generator-konnector/package.json: Unexpected end of JSON input
      at JSON.parse (<anonymous>)
      at /Users/pbrowne/.nvm-fish/v8.9.0/lib/node_modules/yarn/lib/cli.js:1130:59
      at Generator.next (<anonymous>)
      at step (/Users/pbrowne/.nvm-fish/v8.9.0/lib/node_modules/yarn/lib/cli.js:98:30)
      at /Users/pbrowne/.nvm-fish/v8.9.0/lib/node_modules/yarn/lib/cli.js:109:13
      at <anonymous>

npm manifest: 
  

yarn manifest: 
  No manifest

Lockfile: 
  No lockfile
